NEW RUN OF PROGRAM
MAX X 119
MAX Y 29
ÿ
ÿ
ÿ
ÿ
ÿ
ÿ
ÿ
ÿ
ÿ
ÿ
ÿ
ÿ
ÿ
ÿ
ÿ
ÿ
ÿ
ÿ
ÿ
ÿ
ÿ
ÿ
ÿ
ÿ
ÿ
ÿ
ÿ
ÿ
ÿ
ÿ
ÿ
ÿ
ÿ
ÿ
ÿ
ÿ
ÿ
ÿ
ÿ
ÿ
ÿ
ÿ
ÿ
ÿ
ÿ
ÿ
ÿ
ÿ
ÿ
ÿ
ÿ
ÿ
ÿ
ÿ
ÿ
ÿ
ÿ
ÿ
ÿ
ÿ
ÿ
ÿ
ÿ
ÿ
ÿ
ÿ
ÿ
ÿ
ÿ
ÿ
ÿ
ÿ
ÿ
ÿ
ÿ
ÿ
ÿ
ÿ
š
in key resize
y: 31 x: 108
ÿ
ÿ
ÿ
ÿ
ÿ
ÿ
ÿ
ÿ
ÿ
ÿ
ÿ
š
in key resize
y: 31 x: 94
ÿ
ÿ
ÿ
ÿ
ÿ
ÿ
š
in key resize
y: 31 x: 80
ÿ
ÿ
ÿ
ÿ
ÿ
ÿ
ÿ
ÿ
ÿ
ÿ
ÿ
ÿ
ÿ
ÿ
ÿ
ÿ
ÿ
ÿ
ÿ
ÿ
ÿ
š
in key resize
y: 31 x: 66
ÿ
ÿ
ÿ
ÿ
š
in key resize
y: 31 x: 80
ÿ
ÿ
ÿ
š
in key resize
y: 31 x: 94
ÿ
ÿ
ÿ
š
in key resize
y: 31 x: 108
ÿ
ÿ
ÿ
š
in key resize
y: 31 x: 121
ÿ
ÿ
ÿ
ÿ
ÿ
ÿ
ÿ
ÿ
ÿ
ÿ
ÿ
ÿ
ÿ
ÿ
ÿ
ÿ
ÿ
ÿ
ÿ
ÿ
ÿ
š
in key resize
y: 31 x: 108
ÿ
ÿ
ÿ
ÿ
ÿ
ÿ
ÿ
ÿ
ÿ
ÿ
ÿ
ÿ
ÿ
š
in key resize
y: 31 x: 94
ÿ
ÿ
ÿ
ÿ
š
in key resize
y: 31 x: 80
ÿ
ÿ
ÿ
ÿ
š
in key resize
y: 31 x: 66
ÿ
ÿ
ÿ
ÿ
ÿ
š
in key resize
y: 31 x: 53
ÿ
ÿ
ÿ
ÿ
ÿ
ÿ
š
in key resize
y: 31 x: 39
ÿ
ÿ
ÿ
š
in key resize
y: 31 x: 53
ÿ
ÿ
ÿ
ÿ
š
in key resize
y: 31 x: 66
ÿ
ÿ
š
in key resize
y: 31 x: 80
ÿ
ÿ
ÿ
š
in key resize
y: 31 x: 94
ÿ
ÿ
š
in key resize
y: 31 x: 108
ÿ
ÿ
ÿ
ÿ
ÿ
ÿ
ÿ
ÿ
ÿ
ÿ
ÿ
ÿ
ÿ
r
ÿ
ÿ
ÿ
ÿ
ÿ
ÿ
ÿ
ÿ
ÿ
ÿ
ÿ
ÿ
ÿ
ÿ
ÿ
ÿ
ÿ
ÿ
r
ÿ
ÿ
ÿ
r
ÿ
ÿ
ÿ
ÿ
ÿ
ÿ
ÿ
ÿ
ÿ
ÿ
ÿ
ÿ
ÿ
ÿ
ÿ
ÿ
ÿ
ÿ
ÿ
ÿ
ÿ
ÿ
ÿ
ÿ
ÿ
ÿ
ÿ
q
